<?xml version="1.0" encoding="UTF-8"?>
<!-- Generated by org.testng.reporters.JUnitReportReporter -->
<testsuite skipped="0" hostname="DESKTOP-TS5NI3Q" name="com.amazon.qa.testcases.HomeSearchPageTest" tests="3" failures="0" timestamp="2020-12-22T20:08:47 PST" time="40.269" errors="0">
  <testcase name="getTitle" time="12.645" classname="com.amazon.qa.testcases.HomeSearchPageTest"/>
  <system-out/>
  <testcase name="verifyLogo" time="13.283" classname="com.amazon.qa.testcases.HomeSearchPageTest"/>
  <system-out/>
  <testcase name="searchProduct" time="14.341" classname="com.amazon.qa.testcases.HomeSearchPageTest"/>
  <system-out/>
</testsuite> <!-- com.amazon.qa.testcases.HomeSearchPageTest -->
