<?xml version="1.0" encoding="UTF-8"?>
<!-- Generated by org.testng.reporters.JUnitReportReporter -->
<testsuite skipped="0" hostname="DESKTOP-TS5NI3Q" name="com.amazon.qa.testcases.ProductDetailsPageTest" tests="2" failures="0" timestamp="2020-12-24T21:39:54 PST" time="40.498" errors="0">
  <testcase name="GetProductDetails" time="18.709" classname="com.amazon.qa.testcases.ProductDetailsPageTest"/>
  <system-out/>
  <testcase name="AddToCart" time="21.789" classname="com.amazon.qa.testcases.ProductDetailsPageTest"/>
  <system-out/>
</testsuite> <!-- com.amazon.qa.testcases.ProductDetailsPageTest -->
