<?xml version="1.0" encoding="UTF-8"?>
<!-- Generated by org.testng.reporters.JUnitReportReporter -->
<testsuite skipped="0" hostname="DESKTOP-TS5NI3Q" name="com.amazon.qa.testcases.HomePageTest" tests="4" failures="0" timestamp="2020-12-25T13:55:17 PST" time="57.442" errors="0">
  <testcase name="VerifyTitle" time="12.234" classname="com.amazon.qa.testcases.HomePageTest"/>
  <system-out/>
  <testcase name="verifyLogo" time="12.269" classname="com.amazon.qa.testcases.HomePageTest"/>
  <system-out/>
  <testcase name="searchProduct" time="15.387" classname="com.amazon.qa.testcases.HomePageTest"/>
  <system-out/>
  <testcase name="VerifySearchResults" time="17.552" classname="com.amazon.qa.testcases.HomePageTest"/>
  <system-out/>
</testsuite> <!-- com.amazon.qa.testcases.HomePageTest -->
